{
  "RSpec": {
    "coverage": {
      "/Users/timothyfisher/makers/SpotiFive/app/helpers/application_helper.rb": {
        "lines": [
          1,
          null
        ]
      },
      "/Users/timothyfisher/makers/SpotiFive/app/helpers/games_helper.rb": {
        "lines": [
          1,
          null
        ]
      },
      "/Users/timothyfisher/makers/SpotiFive/app/helpers/home_helper.rb": {
        "lines": [
          1,
          null
        ]
      },
      "/Users/timothyfisher/makers/SpotiFive/app/helpers/result_helper.rb": {
        "lines": [
          1,
          null
        ]
      },
      "/Users/timothyfisher/makers/SpotiFive/app/helpers/scoreboard_helper.rb": {
        "lines": [
          1,
          null
        ]
      },
      "/Users/timothyfisher/makers/SpotiFive/app/helpers/sessions_helper.rb": {
        "lines": [
          1,
          null
        ]
      },
      "/Users/timothyfisher/makers/SpotiFive/app/helpers/users_helper.rb": {
        "lines": [
          1,
          null
        ]
      },
      "/Users/timothyfisher/makers/SpotiFive/app/controllers/sessions_controller.rb": {
        "lines": [
          1,
          1,
          0,
          0,
          null,
          null,
          1,
          0,
          0,
          0,
          0,
          0,
          0,
          0,
          0,
          0,
          0,
          0,
          0,
          null,
          0,
          null,
          0,
          0,
          0,
          0,
          null,
          0,
          0,
          null,
          null,
          0,
          null,
          null,
          1,
          0,
          0,
          null,
          null,
          null,
          null
        ]
      },
      "/Users/timothyfisher/makers/SpotiFive/app/controllers/application_controller.rb": {
        "lines": [
          1,
          1,
          1,
          null
        ]
      },
      "/Users/timothyfisher/makers/SpotiFive/lib/refresh_tokens.rb": {
        "lines": [
          1,
          0,
          null,
          0,
          0,
          0,
          0,
          0,
          0,
          0,
          null,
          0,
          null
        ]
      }
    },
    "timestamp": 1663506086
  }
}
